-------------------------------------------------------------------------------
Test set: OperacionesTest
-------------------------------------------------------------------------------
Tests run: 4, Failures: 1, Errors: 0, Skipped: 0, Time elapsed: 0.059 s <<< FAILURE! - in OperacionesTest
buscarNumeroTest  Time elapsed: 0.009 s  <<< FAILURE!
org.opentest4j.AssertionFailedError: expected: <5> but was: <3>
	at OperacionesTest.buscarNumeroTest(OperacionesTest.java:39)

