<?xml version="1.0" encoding="UTF-8"?>
<testsuite xmlns:xsi="http://www.w3.org/2001/XMLSchema-instance" xsi:noNamespaceSchemaLocation="https://maven.apache.org/surefire/maven-surefire-plugin/xsd/surefire-test-report.xsd" name="EmpleadoTest" time="0.008" tests="5" errors="0" skipped="0" failures="0">
  <properties>
[...]
</properties>
  <testcase name="cantidadEmpleadoCon_ATest" classname="EmpleadoTest" time="0"/>
  <testcase name="cantidadEmpleadoCon_MTest" classname="EmpleadoTest" time="0.002"/>
  <testcase name="ordenaEmpleadoTest" classname="EmpleadoTest" time="0.001"/>
  <testcase name="convertirMayusTest" classname="EmpleadoTest" time="0.001"/>
  <testcase name="cantidadDeEmpleadoTest" classname="EmpleadoTest" time="0.001"/>
</testsuite>